[ 2017-08-06T11:17:45+08:00 ] ::1 /favicon.ico
INFO: [ app_init ] --START--
INFO: Run Behavior\BuildLiteBehavior [ RunTime:0.000023s ]
INFO: [ app_init ] --END-- [ RunTime:0.011206s ]
ERR: æ— æ³•åŠ è½½æ¨¡å—:Favicon

[ 2017-08-06T15:19:07+08:00 ] ::1 /Blog/static/h-ui/css/H-ui.min.css
INFO: [ app_init ] --START--
INFO: Run Behavior\BuildLiteBehavior [ RunTime:0.000008s ]
INFO: [ app_init ] --END-- [ RunTime:0.000487s ]
ERR: æ— æ³•åŠ è½½æ¨¡å—:Static

[ 2017-08-06T15:19:07+08:00 ] ::1 /Blog/static/h-ui.admin/css/style.css
INFO: [ app_init ] --START--
INFO: Run Behavior\BuildLiteBehavior [ RunTime:0.000008s ]
INFO: [ app_init ] --END-- [ RunTime:0.000573s ]
ERR: æ— æ³•åŠ è½½æ¨¡å—:Static

c

[ 2017-08-06T15:19:07+08:00 ] ::1 /Blog/lib/Hui-iconfont/1.0.8/iconfont.css
INFO: [ app_init ] --START--
INFO: Run Behavior\BuildLiteBehavior [ RunTime:0.000007s ]
INFO: [ app_init ] --END-- [ RunTime:0.000440s ]
ERR: æ— æ³•åŠ è½½æ¨¡å—:Lib

tic

[ 2017-08-06T15:19:07+08:00 ] ::1 /Blog/static/h-ui.admin/js/H-ui.admin.js
INFO: [ app_init ] --START--
INFO: Run Behavior\BuildLiteBehavior [ RunTime:0.000025s ]
INFO: [ app_init ] --END-- [ RunTime:0.000581s ]
ERR: æ— æ³•åŠ è½½æ¨¡å—:Static

[ 2017-08-06T15:19:07+08:00 ] ::1 /Blog/static/h-ui/js/H-ui.min.js
INFO: [ app_init ] --START--
INFO: Run Behavior\BuildLiteBehavior [ RunTime:0.000008s ]
INFO: [ app_init ] --END-- [ RunTime:0.000386s ]
ERR: æ— æ³•åŠ è½½æ¨¡å—:Static

 è½½æ¨¡å—:Lib

[ 2017-08-06T15:19:07+08:00 ] ::1 /Blog/welcome.html
INFO: [ app_init ] --START--
INFO: Run Behavior\BuildLiteBehavior [ RunTime:0.000008s ]
INFO: [ app_init ] --END-- [ RunTime:0.000385s ]
ERR: æ— æ³•åŠ è½½æ¨¡å—:Welcome

[ 2017-08-06T15:19:07+08:00 ] ::1 /Blog/lib/layer/2.4/layer.js
INFO: [ app_init ] --START--
INFO: Run Behavior\BuildLiteBehavior [ RunTime:0.000016s ]
INFO: [ app_init ] --END-- [ RunTime:0.001241s ]
ERR: æ— æ³•åŠ è½½æ¨¡å—:Lib

[ 2017-08-06T15:19:07+08:00 ] ::1 /Blog/static/h-ui/js/H-ui.min.js
INFO: [ app_init ] --START--
INFO: Run Behavior\BuildLiteBehavior [ RunTime:0.000008s ]
INFO: [ app_init ] --END-- [ RunTime:0.000351s ]
ERR: æ— æ³•åŠ è½½æ¨¡å—:Static

[ 2017-08-06T15:19:07+08:00 ] ::1 /Blog/static/h-ui.admin/js/H-ui.admin.js
INFO: [ app_init ] --START--
INFO: Run Behavior\BuildLiteBehavior [ RunTime:0.000008s ]
INFO: [ app_init ] --END-- [ RunTime:0.000352s ]
ERR: æ— æ³•åŠ è½½æ¨¡å—:Static

[ 2017-08-06T15:19:07+08:00 ] ::1 /Blog/lib/jquery.contextmenu/jquery.contextmenu.r2.js
INFO: [ app_init ] --START--
INFO: Run Behavior\BuildLiteBehavior [ RunTime:0.000007s ]
INFO: [ app_init ] --END-- [ RunTime:0.000335s ]
ERR: æ— æ³•åŠ è½½æ¨¡å—:Lib

[ 2017-08-06T15:22:29+08:00 ] ::1 /Blog/static/h-ui/css/H-ui.min.css
INFO: [ app_init ] --START--
INFO: Run Behavior\BuildLiteBehavior [ RunTime:0.000031s ]
INFO: [ app_init ] --END-- [ RunTime:0.001191s ]
ERR: æ— æ³•åŠ è½½æ¨¡å—:Static

[ 2017-08-06T15:22:29+08:00 ] ::1 /Blog/lib/Hui-iconfont/1.0.8/iconfont.css
INFO: [ app_init ] --START--
INFO: Run Behavior\BuildLiteBehavior [ RunTime:0.000009s ]
INFO: [ app_init ] --END-- [ RunTime:0.000391s ]
ERR: æ— æ³•åŠ è½½æ¨¡å—:Lib

[ 2017-08-06T15:22:29+08:00 ] ::1 /Blog/static/h-ui.admin/css/H-ui.admin.css
INFO: [ app_init ] --START--
INFO: Run Behavior\BuildLiteBehavior [ RunTime:0.000009s ]
INFO: [ app_init ] --END-- [ RunTime:0.000452s ]
ERR: æ— æ³•åŠ è½½æ¨¡å—:Static

[ 2017-08-06T15:22:29+08:00 ] ::1 /Blog/Public/welcome.html
INFO: [ app_init ] --START--
INFO: Run Behavior\BuildLiteBehavior [ RunTime:0.000029s ]
INFO: [ app_init ] --END-- [ RunTime:0.002577s ]
ERR: æ— æ³•åŠ è½½æ¨¡å—:Public

[ 2017-08-06T15:22:29+08:00 ] ::1 /Blog/static/h-ui.admin/skin/default/skin.css
INFO: [ app_init ] --START--
INFO: Run Behavior\BuildLiteBehavior [ RunTime:0.000012s ]
INFO: [ app_init ] --END-- [ RunTime:0.000459s ]
ERR: æ— æ³•åŠ è½½æ¨¡å—:Static

[ 2017-08-06T15:22:29+08:00 ] ::1 /Blog/static/h-ui.admin/css/style.css
INFO: [ app_init ] --START--
INFO: Run Behavior\BuildLiteBehavior [ RunTime:0.000008s ]
INFO: [ app_init ] --END-- [ RunTime:0.000443s ]
ERR: æ— æ³•åŠ è½½æ¨¡å—:Static

[ 2017-08-06T15:22:29+08:00 ] ::1 /Blog/static/h-ui.admin/skin/default/skin.css
INFO: [ app_init ] --START--
INFO: Run Behavior\BuildLiteBehavior [ RunTime:0.000009s ]
INFO: [ app_init ] --END-- [ RunTime:0.000393s ]
ERR: æ— æ³•åŠ è½½æ¨¡å—:Static

[ 2017-08-06T15:22:45+08:00 ] 127.0.0.1 /Public/welcome.html
INFO: [ app_init ] --START--
INFO: Run Behavior\BuildLiteBehavior [ RunTime:0.000011s ]
INFO: [ app_init ] --END-- [ RunTime:0.000443s ]
ERR: æ— æ³•åŠ è½½æ¨¡å—:Public

[ 2017-08-06T15:22:46+08:00 ] 127.0.0.1 /favicon.ico
INFO: [ app_init ] --START--
INFO: Run Behavior\BuildLiteBehavior [ RunTime:0.000008s ]
INFO: [ app_init ] --END-- [ RunTime:0.000382s ]
ERR: æ— æ³•åŠ è½½æ¨¡å—:Favicon

[ 2017-08-06T15:23:47+08:00 ] 127.0.0.1 /Public/welcome.html
INFO: [ app_init ] --START--
INFO: Run Behavior\BuildLiteBehavior [ RunTime:0.000009s ]
INFO: [ app_init ] --END-- [ RunTime:0.000605s ]
ERR: æ— æ³•åŠ è½½æ¨¡å—:Public

[ 2017-08-06T15:24:50+08:00 ] 127.0.0.1 /Public/welcome.html
INFO: [ app_init ] --START--
INFO: Run Behavior\BuildLiteBehavior [ RunTime:0.000010s ]
INFO: [ app_init ] --END-- [ RunTime:0.000454s ]
ERR: æ— æ³•åŠ è½½æ¨¡å—:Public

[ 2017-08-06T15:25:20+08:00 ] 127.0.0.1 /Public/welcome.html
INFO: [ app_init ] --START--
INFO: Run Behavior\BuildLiteBehavior [ RunTime:0.000012s ]
INFO: [ app_init ] --END-- [ RunTime:0.000576s ]
ERR: æ— æ³•åŠ è½½æ¨¡å—:Public

[ 2017-08-06T15:25:21+08:00 ] 127.0.0.1 /Public/welcome.html
INFO: [ app_init ] --START--
INFO: Run Behavior\BuildLiteBehavior [ RunTime:0.000021s ]
INFO: [ app_init ] --END-- [ RunTime:0.000606s ]
ERR: æ— æ³•åŠ è½½æ¨¡å—:Public

[ 2017-08-06T15:25:30+08:00 ] 127.0.0.1 /Public/welcome.html
INFO: [ app_init ] --START--
INFO: Run Behavior\BuildLiteBehavior [ RunTime:0.000039s ]
INFO: [ app_init ] --END-- [ RunTime:0.001168s ]
ERR: æ— æ³•åŠ è½½æ¨¡å—:Public

[ 2017-08-06T15:25:30+08:00 ] 127.0.0.1 /Public/welcome.html
INFO: [ app_init ] --START--
INFO: Run Behavior\BuildLiteBehavior [ RunTime:0.000057s ]
INFO: [ app_init ] --END-- [ RunTime:0.001779s ]
ERR: æ— æ³•åŠ è½½æ¨¡å—:Public

[ 2017-08-06T15:25:30+08:00 ] 127.0.0.1 /Public/welcome.html
INFO: [ app_init ] --START--
INFO: Run Behavior\BuildLiteBehavior [ RunTime:0.000009s ]
INFO: [ app_init ] --END-- [ RunTime:0.000804s ]
ERR: æ— æ³•åŠ è½½æ¨¡å—:Public

[ 2017-08-06T15:27:19+08:00 ] 127.0.0.1 /Public/picture-list.html
INFO: [ app_init ] --START--
INFO: Run Behavior\BuildLiteBehavior [ RunTime:0.000009s ]
INFO: [ app_init ] --END-- [ RunTime:0.000718s ]
ERR: æ— æ³•åŠ è½½æ¨¡å—:Public

